[smart_candgen] ...  {
  Loading Webquestions from cPickle ...
  5810 WebQuesetions loaded.
args.linking_only: False
  QueryService initialize ...  {
    Loading ComplexQuestions from cPickle ...
    2100 ComplexQuestions loaded.
    Loading Webquestions from cPickle ...
    5810 WebQuesetions loaded.
    7910 QA loaded from WebQ & CompQ.
    Loading SPARQL cache ... {
      114 SPARQL cache loaded.
    } [0.021s]
    Loading <q_sc, stat> cache ... {
      1277 <q_sc, stat> cache loaded.
    } [0.030s]
    Initialize complete.
  } [0.093s]
  Loading <word, idx> pairs from [../../data/word_emb_in_use/word_emb.indices] ... 
  84320 <word, idx> loaded.
  Loading word embeddings for [../../data/word_emb_in_use/word_emb.glove_300.npy] ...
  (84320, 300) word embedding loaded.
  44 dependency name loaded.
  GlobalLinker initializing ...  {
    201 ordinal & 235 superlative words loaded.
    Load entity linking table from [../../data/linkings/WebQ/webq.all.top3_source_ensemble_data.q_links]: {
      5810 questions of link data loaded.
    } [0.218s]
    FBHelper: 12237 type names loaded.
    12237 type embedding loaded.
    Initialize complete.
  } [0.857s]
  simple type match = False
  simple time match = False
  Entering Q 5800 / 5810 [b'where is dwayne johnson ethnicity?']: {
    Skip this question, already saved.
  } [0.000s]
  Entering Q 5801 / 5810 [b'where are the nato headquarters located?']: {
    Skip this question, already saved.
  } [0.000s]
  Entering Q 5802 / 5810 [b'in which state was the battle of antietam fought?']: {
    Skip this question, already saved.
  } [0.000s]
  Entering Q 5803 / 5810 [b'which ocean does the zambezi river flow into?']: {
    Skip this question, already saved.
  } [0.000s]
  Entering Q 5804 / 5810 [b'what are the 7 sacraments of the catholic church?']: {
    Skip this question, already saved.
  } [0.000s]
  Entering Q 5805 / 5810 [b'what team did david beckham play for before la galaxy?']: {
    Skip this question, already saved.
  } [0.000s]
  Entering Q 5806 / 5810 [b'who is the current leader of france 2010?']: {
    Skip this question, already saved.
  } [0.000s]
  Entering Q 5807 / 5810 [b'where was the palace of knossos located?']: {
    Skip this question, already saved.
  } [0.000s]
  Entering Q 5808 / 5810 [b'where is roswell area 51?']: {
    Skip this question, already saved.
  } [0.000s]
  Entering Q 5809 / 5810 [b'when was father chris riley born?']: {
    Skip this question, already saved.
  } [0.000s]
  All Done.
} [1.133s]
Time tracker display: {
              Name	Avg. (s)	    Freq	Time (s)
} [0.000s]
